<?xml version="1.0" encoding="UTF-8"?>
<testsuite name="com.world.WorldTest" time="0.002" tests="5" errors="0" skipped="0" failures="0">
  <properties>
[...]
</properties>
  <testcase name="testheight" classname="com.world.WorldTest" time="0.002"/>
  <testcase name="testcolor" classname="com.world.WorldTest" time="0"/>
  <testcase name="testglyph" classname="com.world.WorldTest" time="0"/>
  <testcase name="testwidth" classname="com.world.WorldTest" time="0"/>
  <testcase name="testtile" classname="com.world.WorldTest" time="0"/>
</testsuite>